mode: atomic
github.com/alidn/Yalp/balancer/config.go:26.54,29.16 3 0
github.com/alidn/Yalp/balancer/config.go:34.2,36.20 2 0
github.com/alidn/Yalp/balancer/config.go:29.16,32.3 1 0
github.com/alidn/Yalp/balancer/least_connections.go:21.65,23.2 1 0
github.com/alidn/Yalp/balancer/least_connections.go:25.68,27.2 1 0
github.com/alidn/Yalp/balancer/least_connections.go:33.96,35.16 2 0
github.com/alidn/Yalp/balancer/least_connections.go:38.2,38.36 1 0
github.com/alidn/Yalp/balancer/least_connections.go:43.2,43.96 1 0
github.com/alidn/Yalp/balancer/least_connections.go:35.16,37.3 1 0
github.com/alidn/Yalp/balancer/least_connections.go:38.36,39.31 1 0
github.com/alidn/Yalp/balancer/least_connections.go:39.31,41.4 1 0
github.com/alidn/Yalp/balancer/least_connections.go:46.80,50.27 2 0
github.com/alidn/Yalp/balancer/least_connections.go:60.2,60.18 1 0
github.com/alidn/Yalp/balancer/least_connections.go:50.27,52.17 2 0
github.com/alidn/Yalp/balancer/least_connections.go:55.3,58.5 1 0
github.com/alidn/Yalp/balancer/least_connections.go:52.17,54.4 1 0
github.com/alidn/Yalp/balancer/least_connections.go:68.81,69.38 1 0
github.com/alidn/Yalp/balancer/least_connections.go:72.2,73.43 2 0
github.com/alidn/Yalp/balancer/least_connections.go:79.2,79.43 1 0
github.com/alidn/Yalp/balancer/least_connections.go:69.38,71.3 1 0
github.com/alidn/Yalp/balancer/least_connections.go:73.43,74.41 1 0
github.com/alidn/Yalp/balancer/least_connections.go:74.41,77.4 2 0
github.com/alidn/Yalp/balancer/least_connections.go:82.72,88.2 2 0
github.com/alidn/Yalp/balancer/least_connections.go:90.77,91.38 1 0
github.com/alidn/Yalp/balancer/least_connections.go:109.2,111.55 1 0
github.com/alidn/Yalp/balancer/least_connections.go:91.38,93.17 2 0
github.com/alidn/Yalp/balancer/least_connections.go:98.3,106.32 8 0
github.com/alidn/Yalp/balancer/least_connections.go:93.17,96.4 2 0
github.com/alidn/Yalp/balancer/least_connections.go:111.55,112.54 1 0
github.com/alidn/Yalp/balancer/least_connections.go:123.4,123.14 1 0
github.com/alidn/Yalp/balancer/least_connections.go:112.54,113.35 1 0
github.com/alidn/Yalp/balancer/least_connections.go:113.35,116.20 3 0
github.com/alidn/Yalp/balancer/least_connections.go:119.6,120.16 2 0
github.com/alidn/Yalp/balancer/least_connections.go:116.20,118.7 1 0
github.com/alidn/Yalp/balancer/roundrobin.go:28.50,34.2 2 0
github.com/alidn/Yalp/balancer/roundrobin.go:38.81,40.16 2 8
github.com/alidn/Yalp/balancer/roundrobin.go:44.2,47.8 1 8
github.com/alidn/Yalp/balancer/roundrobin.go:40.16,42.3 1 0
github.com/alidn/Yalp/balancer/roundrobin.go:50.80,51.39 1 4100
github.com/alidn/Yalp/balancer/roundrobin.go:60.2,60.32 1 3
github.com/alidn/Yalp/balancer/roundrobin.go:51.39,52.50 1 4097
github.com/alidn/Yalp/balancer/roundrobin.go:52.50,54.18 2 4097
github.com/alidn/Yalp/balancer/roundrobin.go:57.4,57.24 1 4097
github.com/alidn/Yalp/balancer/roundrobin.go:54.18,56.5 1 0
github.com/alidn/Yalp/balancer/roundrobin.go:63.101,65.16 2 4100
github.com/alidn/Yalp/balancer/roundrobin.go:68.2,68.17 1 4100
github.com/alidn/Yalp/balancer/roundrobin.go:75.2,75.24 1 3
github.com/alidn/Yalp/balancer/roundrobin.go:65.16,67.3 1 0
github.com/alidn/Yalp/balancer/roundrobin.go:68.17,70.17 2 4097
github.com/alidn/Yalp/balancer/roundrobin.go:73.3,73.32 1 4097
github.com/alidn/Yalp/balancer/roundrobin.go:70.17,72.4 1 0
github.com/alidn/Yalp/balancer/roundrobin.go:80.71,81.38 1 8
github.com/alidn/Yalp/balancer/roundrobin.go:120.2,122.55 1 8
github.com/alidn/Yalp/balancer/roundrobin.go:81.38,83.48 2 37100
github.com/alidn/Yalp/balancer/roundrobin.go:94.3,94.25 1 37100
github.com/alidn/Yalp/balancer/roundrobin.go:112.3,117.32 6 37100
github.com/alidn/Yalp/balancer/roundrobin.go:83.48,85.18 2 4100
github.com/alidn/Yalp/balancer/roundrobin.go:89.4,89.19 1 4100
github.com/alidn/Yalp/balancer/roundrobin.go:85.18,88.5 2 0
github.com/alidn/Yalp/balancer/roundrobin.go:89.19,91.5 1 4097
github.com/alidn/Yalp/balancer/roundrobin.go:94.25,97.18 3 33003
github.com/alidn/Yalp/balancer/roundrobin.go:101.4,101.49 1 33003
github.com/alidn/Yalp/balancer/roundrobin.go:97.18,100.5 2 0
github.com/alidn/Yalp/balancer/roundrobin.go:101.49,109.5 4 3
github.com/alidn/Yalp/balancer/roundrobin.go:122.55,123.54 1 37100
github.com/alidn/Yalp/balancer/roundrobin.go:130.4,130.54 1 33003
github.com/alidn/Yalp/balancer/roundrobin.go:143.4,143.14 1 33003
github.com/alidn/Yalp/balancer/roundrobin.go:123.54,125.65 2 8200
github.com/alidn/Yalp/balancer/roundrobin.go:125.65,127.6 1 4097
github.com/alidn/Yalp/balancer/roundrobin.go:130.54,131.52 1 6
github.com/alidn/Yalp/balancer/roundrobin.go:131.52,141.6 6 3
github.com/alidn/Yalp/balancer/roundrobin.go:148.69,157.2 3 3
github.com/alidn/Yalp/balancer/roundrobin.go:162.70,163.38 1 33003
github.com/alidn/Yalp/balancer/roundrobin.go:167.2,169.69 2 33003
github.com/alidn/Yalp/balancer/roundrobin.go:178.2,178.56 1 0
github.com/alidn/Yalp/balancer/roundrobin.go:163.38,165.3 1 0
github.com/alidn/Yalp/balancer/roundrobin.go:169.69,172.31 2 33003
github.com/alidn/Yalp/balancer/roundrobin.go:176.3,176.44 1 0
github.com/alidn/Yalp/balancer/roundrobin.go:172.31,175.4 2 33003
github.com/alidn/Yalp/balancer/roundrobin.go:181.48,183.2 1 0
github.com/alidn/Yalp/balancer/roundrobin.go:185.67,187.2 1 0
